<test-run id="2" testcasecount="0" result="Passed" start-time="2023-11-19 11:55:47.469507" end-time="2023-11-19 11:55:47.620842" duration="0" total="0" passed="0" failed="0" inconclusive="0" skipped="0" asserts="0" clr-version="3.8.10 (default, May 26 2023, 14:05:08) &#10;[GCC 9.4.0]" engine-version="3.6.2"><command-line>/home/piotr/.local/bin/pytest</command-line><filter /></test-run>
